
============= MEMWATCH 2.71 Copyright (C) 1992-1999 Johan Lindh =============

Started at Fri Feb 20 03:02:57 2015

Modes: __STDC__ 64-bit mwDWORD==(unsigned int)
mwROUNDALLOC==8 sizeof(mwData)==56 mwDataSize==56


Stopped at Fri Feb 20 03:02:57 2015


Memory usage statistics (global):
 N)umber of allocations made: 2
 L)argest memory usage      : 120
 T)otal of all alloc() calls: 120
 U)nfreed bytes totals      : 0

============= MEMWATCH 2.71 Copyright (C) 1992-1999 Johan Lindh =============

Started at Fri Feb 20 05:12:01 2015

Modes: __STDC__ 64-bit mwDWORD==(unsigned int)
mwROUNDALLOC==8 sizeof(mwData)==56 mwDataSize==56


Stopped at Fri Feb 20 05:12:01 2015


Memory usage statistics (global):
 N)umber of allocations made: 2
 L)argest memory usage      : 120
 T)otal of all alloc() calls: 120
 U)nfreed bytes totals      : 0
