
============= MEMWATCH 2.71 Copyright (C) 1992-1999 Johan Lindh =============

Started at Thu Mar 12 17:52:57 2015

Modes: __STDC__ 64-bit mwDWORD==(unsigned int)
mwROUNDALLOC==8 sizeof(mwData)==56 mwDataSize==56


Stopped at Thu Mar 12 17:53:00 2015


Memory usage statistics (global):
 N)umber of allocations made: 18
 L)argest memory usage      : 960
 T)otal of all alloc() calls: 1248
 U)nfreed bytes totals      : 0

============= MEMWATCH 2.71 Copyright (C) 1992-1999 Johan Lindh =============

Started at Thu Mar 12 17:53:04 2015

Modes: __STDC__ 64-bit mwDWORD==(unsigned int)
mwROUNDALLOC==8 sizeof(mwData)==56 mwDataSize==56


Stopped at Thu Mar 12 17:53:07 2015


Memory usage statistics (global):
 N)umber of allocations made: 18
 L)argest memory usage      : 960
 T)otal of all alloc() calls: 1248
 U)nfreed bytes totals      : 0

============= MEMWATCH 2.71 Copyright (C) 1992-1999 Johan Lindh =============

Started at Thu Mar 12 17:53:10 2015

Modes: __STDC__ 64-bit mwDWORD==(unsigned int)
mwROUNDALLOC==8 sizeof(mwData)==56 mwDataSize==56


Stopped at Thu Mar 12 17:53:16 2015


Memory usage statistics (global):
 N)umber of allocations made: 119
 L)argest memory usage      : 10800
 T)otal of all alloc() calls: 48144
 U)nfreed bytes totals      : 0

============= MEMWATCH 2.71 Copyright (C) 1992-1999 Johan Lindh =============

Started at Thu Mar 12 17:53:35 2015

Modes: __STDC__ 64-bit mwDWORD==(unsigned int)
mwROUNDALLOC==8 sizeof(mwData)==56 mwDataSize==56


Stopped at Thu Mar 12 17:53:38 2015


Memory usage statistics (global):
 N)umber of allocations made: 18
 L)argest memory usage      : 960
 T)otal of all alloc() calls: 1248
 U)nfreed bytes totals      : 0

============= MEMWATCH 2.71 Copyright (C) 1992-1999 Johan Lindh =============

Started at Thu Mar 12 17:54:17 2015

Modes: __STDC__ 64-bit mwDWORD==(unsigned int)
mwROUNDALLOC==8 sizeof(mwData)==56 mwDataSize==56


Stopped at Thu Mar 12 17:54:20 2015


Memory usage statistics (global):
 N)umber of allocations made: 18
 L)argest memory usage      : 960
 T)otal of all alloc() calls: 1248
 U)nfreed bytes totals      : 0

============= MEMWATCH 2.71 Copyright (C) 1992-1999 Johan Lindh =============

Started at Thu Mar 12 17:54:31 2015

Modes: __STDC__ 64-bit mwDWORD==(unsigned int)
mwROUNDALLOC==8 sizeof(mwData)==56 mwDataSize==56


Stopped at Thu Mar 12 17:54:34 2015


Memory usage statistics (global):
 N)umber of allocations made: 18
 L)argest memory usage      : 960
 T)otal of all alloc() calls: 1248
 U)nfreed bytes totals      : 0

============= MEMWATCH 2.71 Copyright (C) 1992-1999 Johan Lindh =============

Started at Thu Mar 12 17:55:12 2015

Modes: __STDC__ 64-bit mwDWORD==(unsigned int)
mwROUNDALLOC==8 sizeof(mwData)==56 mwDataSize==56


Stopped at Thu Mar 12 17:55:14 2015


Memory usage statistics (global):
 N)umber of allocations made: 18
 L)argest memory usage      : 960
 T)otal of all alloc() calls: 1248
 U)nfreed bytes totals      : 0

============= MEMWATCH 2.71 Copyright (C) 1992-1999 Johan Lindh =============

Started at Thu Mar 12 17:55:27 2015

Modes: __STDC__ 64-bit mwDWORD==(unsigned int)
mwROUNDALLOC==8 sizeof(mwData)==56 mwDataSize==56


Stopped at Thu Mar 12 17:55:30 2015


Memory usage statistics (global):
 N)umber of allocations made: 18
 L)argest memory usage      : 960
 T)otal of all alloc() calls: 1248
 U)nfreed bytes totals      : 0

============= MEMWATCH 2.71 Copyright (C) 1992-1999 Johan Lindh =============

Started at Thu Mar 12 17:55:44 2015

Modes: __STDC__ 64-bit mwDWORD==(unsigned int)
mwROUNDALLOC==8 sizeof(mwData)==56 mwDataSize==56


Stopped at Thu Mar 12 17:55:46 2015


Memory usage statistics (global):
 N)umber of allocations made: 18
 L)argest memory usage      : 960
 T)otal of all alloc() calls: 1248
 U)nfreed bytes totals      : 0

============= MEMWATCH 2.71 Copyright (C) 1992-1999 Johan Lindh =============

Started at Thu Mar 12 17:57:02 2015

Modes: __STDC__ 64-bit mwDWORD==(unsigned int)
mwROUNDALLOC==8 sizeof(mwData)==56 mwDataSize==56


Stopped at Thu Mar 12 17:57:05 2015


Memory usage statistics (global):
 N)umber of allocations made: 18
 L)argest memory usage      : 960
 T)otal of all alloc() calls: 1248
 U)nfreed bytes totals      : 0

============= MEMWATCH 2.71 Copyright (C) 1992-1999 Johan Lindh =============

Started at Thu Mar 12 17:58:36 2015

Modes: __STDC__ 64-bit mwDWORD==(unsigned int)
mwROUNDALLOC==8 sizeof(mwData)==56 mwDataSize==56


Stopped at Thu Mar 12 17:58:38 2015


Memory usage statistics (global):
 N)umber of allocations made: 18
 L)argest memory usage      : 960
 T)otal of all alloc() calls: 1248
 U)nfreed bytes totals      : 0

============= MEMWATCH 2.71 Copyright (C) 1992-1999 Johan Lindh =============

Started at Thu Mar 12 17:59:02 2015

Modes: __STDC__ 64-bit mwDWORD==(unsigned int)
mwROUNDALLOC==8 sizeof(mwData)==56 mwDataSize==56


Stopped at Thu Mar 12 17:59:05 2015


Memory usage statistics (global):
 N)umber of allocations made: 18
 L)argest memory usage      : 960
 T)otal of all alloc() calls: 1248
 U)nfreed bytes totals      : 0

============= MEMWATCH 2.71 Copyright (C) 1992-1999 Johan Lindh =============

Started at Thu Mar 12 17:59:28 2015

Modes: __STDC__ 64-bit mwDWORD==(unsigned int)
mwROUNDALLOC==8 sizeof(mwData)==56 mwDataSize==56


Stopped at Thu Mar 12 17:59:30 2015


Memory usage statistics (global):
 N)umber of allocations made: 18
 L)argest memory usage      : 960
 T)otal of all alloc() calls: 1248
 U)nfreed bytes totals      : 0

============= MEMWATCH 2.71 Copyright (C) 1992-1999 Johan Lindh =============

Started at Thu Mar 12 18:08:49 2015

Modes: __STDC__ 64-bit mwDWORD==(unsigned int)
mwROUNDALLOC==8 sizeof(mwData)==56 mwDataSize==56


Stopped at Thu Mar 12 18:08:52 2015


Memory usage statistics (global):
 N)umber of allocations made: 18
 L)argest memory usage      : 960
 T)otal of all alloc() calls: 1248
 U)nfreed bytes totals      : 0

============= MEMWATCH 2.71 Copyright (C) 1992-1999 Johan Lindh =============

Started at Thu Mar 12 18:15:38 2015

Modes: __STDC__ 64-bit mwDWORD==(unsigned int)
mwROUNDALLOC==8 sizeof(mwData)==56 mwDataSize==56


Stopped at Thu Mar 12 18:15:41 2015


Memory usage statistics (global):
 N)umber of allocations made: 18
 L)argest memory usage      : 960
 T)otal of all alloc() calls: 1248
 U)nfreed bytes totals      : 0

============= MEMWATCH 2.71 Copyright (C) 1992-1999 Johan Lindh =============

Started at Thu Mar 12 18:15:47 2015

Modes: __STDC__ 64-bit mwDWORD==(unsigned int)
mwROUNDALLOC==8 sizeof(mwData)==56 mwDataSize==56


Stopped at Thu Mar 12 18:15:50 2015


Memory usage statistics (global):
 N)umber of allocations made: 18
 L)argest memory usage      : 960
 T)otal of all alloc() calls: 1248
 U)nfreed bytes totals      : 0

============= MEMWATCH 2.71 Copyright (C) 1992-1999 Johan Lindh =============

Started at Thu Mar 12 18:16:14 2015

Modes: __STDC__ 64-bit mwDWORD==(unsigned int)
mwROUNDALLOC==8 sizeof(mwData)==56 mwDataSize==56


Stopped at Thu Mar 12 18:16:17 2015


Memory usage statistics (global):
 N)umber of allocations made: 18
 L)argest memory usage      : 960
 T)otal of all alloc() calls: 1248
 U)nfreed bytes totals      : 0

============= MEMWATCH 2.71 Copyright (C) 1992-1999 Johan Lindh =============

Started at Thu Mar 12 18:16:21 2015

Modes: __STDC__ 64-bit mwDWORD==(unsigned int)
mwROUNDALLOC==8 sizeof(mwData)==56 mwDataSize==56


Stopped at Thu Mar 12 18:16:24 2015


Memory usage statistics (global):
 N)umber of allocations made: 18
 L)argest memory usage      : 960
 T)otal of all alloc() calls: 1248
 U)nfreed bytes totals      : 0

============= MEMWATCH 2.71 Copyright (C) 1992-1999 Johan Lindh =============

Started at Thu Mar 12 18:17:37 2015

Modes: __STDC__ 64-bit mwDWORD==(unsigned int)
mwROUNDALLOC==8 sizeof(mwData)==56 mwDataSize==56


Stopped at Thu Mar 12 18:17:42 2015

unfreed: <10> functions.c(119), 24 bytes at 0x7f9220d00150  	{00 00 00 00 00 00 59 40 00 00 00 00 00 00 69 40 ......Y@......i@}
unfreed: <8> functions.c(116), 24 bytes at 0x7f9220c05360  	{00 00 00 00 00 00 59 40 00 00 00 00 00 00 69 40 ......Y@......i@}

Memory usage statistics (global):
 N)umber of allocations made: 7
 L)argest memory usage      : 368
 T)otal of all alloc() calls: 400
 U)nfreed bytes totals      : 48

============= MEMWATCH 2.71 Copyright (C) 1992-1999 Johan Lindh =============

Started at Thu Mar 12 18:19:37 2015

Modes: __STDC__ 64-bit mwDWORD==(unsigned int)
mwROUNDALLOC==8 sizeof(mwData)==56 mwDataSize==56


Stopped at Thu Mar 12 18:19:37 2015

unfreed: <10> functions.c(119), 24 bytes at 0x7fe0884052a0  	{00 00 00 00 00 00 59 40 00 00 00 00 00 00 69 40 ......Y@......i@}
unfreed: <8> functions.c(116), 24 bytes at 0x7fe088405360  	{00 00 00 00 00 00 59 40 00 00 00 00 00 00 69 40 ......Y@......i@}

Memory usage statistics (global):
 N)umber of allocations made: 7
 L)argest memory usage      : 368
 T)otal of all alloc() calls: 400
 U)nfreed bytes totals      : 48

============= MEMWATCH 2.71 Copyright (C) 1992-1999 Johan Lindh =============

Started at Thu Mar 12 18:19:53 2015

Modes: __STDC__ 64-bit mwDWORD==(unsigned int)
mwROUNDALLOC==8 sizeof(mwData)==56 mwDataSize==56


Stopped at Thu Mar 12 18:19:56 2015


Memory usage statistics (global):
 N)umber of allocations made: 18
 L)argest memory usage      : 960
 T)otal of all alloc() calls: 1248
 U)nfreed bytes totals      : 0

============= MEMWATCH 2.71 Copyright (C) 1992-1999 Johan Lindh =============

Started at Thu Mar 12 18:20:28 2015

Modes: __STDC__ 64-bit mwDWORD==(unsigned int)
mwROUNDALLOC==8 sizeof(mwData)==56 mwDataSize==56


Stopped at Thu Mar 12 18:20:28 2015

unfreed: <10> functions.c(119), 24 bytes at 0x7fbcb9e00040  	{00 00 00 00 00 00 59 40 00 00 00 00 00 00 69 40 ......Y@......i@}
unfreed: <8> functions.c(116), 24 bytes at 0x7fbcb9d00400  	{00 00 00 00 00 00 59 40 00 00 00 00 00 00 69 40 ......Y@......i@}

Memory usage statistics (global):
 N)umber of allocations made: 7
 L)argest memory usage      : 368
 T)otal of all alloc() calls: 400
 U)nfreed bytes totals      : 48

============= MEMWATCH 2.71 Copyright (C) 1992-1999 Johan Lindh =============

Started at Thu Mar 12 18:22:41 2015

Modes: __STDC__ 64-bit mwDWORD==(unsigned int)
mwROUNDALLOC==8 sizeof(mwData)==56 mwDataSize==56

NULL free: <15> functions.c(396), NULL pointer free'd

Stopped at Thu Mar 12 18:22:42 2015


Memory usage statistics (global):
 N)umber of allocations made: 7
 L)argest memory usage      : 368
 T)otal of all alloc() calls: 400
 U)nfreed bytes totals      : 0

============= MEMWATCH 2.71 Copyright (C) 1992-1999 Johan Lindh =============

Started at Thu Mar 12 18:23:24 2015

Modes: __STDC__ 64-bit mwDWORD==(unsigned int)
mwROUNDALLOC==8 sizeof(mwData)==56 mwDataSize==56

NULL free: <15> functions.c(397), NULL pointer free'd

Stopped at Thu Mar 12 18:23:24 2015


Memory usage statistics (global):
 N)umber of allocations made: 7
 L)argest memory usage      : 368
 T)otal of all alloc() calls: 400
 U)nfreed bytes totals      : 0

============= MEMWATCH 2.71 Copyright (C) 1992-1999 Johan Lindh =============

Started at Thu Mar 12 18:24:38 2015

Modes: __STDC__ 64-bit mwDWORD==(unsigned int)
mwROUNDALLOC==8 sizeof(mwData)==56 mwDataSize==56

NULL free: <15> functions.c(394), NULL pointer free'd

Stopped at Thu Mar 12 18:24:39 2015


Memory usage statistics (global):
 N)umber of allocations made: 7
 L)argest memory usage      : 368
 T)otal of all alloc() calls: 400
 U)nfreed bytes totals      : 0

============= MEMWATCH 2.71 Copyright (C) 1992-1999 Johan Lindh =============

Started at Thu Mar 12 18:24:46 2015

Modes: __STDC__ 64-bit mwDWORD==(unsigned int)
mwROUNDALLOC==8 sizeof(mwData)==56 mwDataSize==56


Stopped at Thu Mar 12 18:24:49 2015


Memory usage statistics (global):
 N)umber of allocations made: 18
 L)argest memory usage      : 960
 T)otal of all alloc() calls: 1248
 U)nfreed bytes totals      : 0

============= MEMWATCH 2.71 Copyright (C) 1992-1999 Johan Lindh =============

Started at Thu Mar 12 18:25:31 2015

Modes: __STDC__ 64-bit mwDWORD==(unsigned int)
mwROUNDALLOC==8 sizeof(mwData)==56 mwDataSize==56


Stopped at Thu Mar 12 18:25:34 2015


Memory usage statistics (global):
 N)umber of allocations made: 18
 L)argest memory usage      : 960
 T)otal of all alloc() calls: 1248
 U)nfreed bytes totals      : 0

============= MEMWATCH 2.71 Copyright (C) 1992-1999 Johan Lindh =============

Started at Thu Mar 12 18:25:41 2015

Modes: __STDC__ 64-bit mwDWORD==(unsigned int)
mwROUNDALLOC==8 sizeof(mwData)==56 mwDataSize==56


Stopped at Thu Mar 12 18:25:44 2015


Memory usage statistics (global):
 N)umber of allocations made: 18
 L)argest memory usage      : 960
 T)otal of all alloc() calls: 1248
 U)nfreed bytes totals      : 0

============= MEMWATCH 2.71 Copyright (C) 1992-1999 Johan Lindh =============

Started at Thu Mar 12 18:27:22 2015

Modes: __STDC__ 64-bit mwDWORD==(unsigned int)
mwROUNDALLOC==8 sizeof(mwData)==56 mwDataSize==56


Stopped at Thu Mar 12 18:27:24 2015


Memory usage statistics (global):
 N)umber of allocations made: 18
 L)argest memory usage      : 960
 T)otal of all alloc() calls: 1248
 U)nfreed bytes totals      : 0

============= MEMWATCH 2.71 Copyright (C) 1992-1999 Johan Lindh =============

Started at Thu Mar 12 18:27:36 2015

Modes: __STDC__ 64-bit mwDWORD==(unsigned int)
mwROUNDALLOC==8 sizeof(mwData)==56 mwDataSize==56

NULL free: <15> functions.c(394), NULL pointer free'd

Stopped at Thu Mar 12 18:27:36 2015


Memory usage statistics (global):
 N)umber of allocations made: 7
 L)argest memory usage      : 368
 T)otal of all alloc() calls: 400
 U)nfreed bytes totals      : 0

============= MEMWATCH 2.71 Copyright (C) 1992-1999 Johan Lindh =============

Started at Thu Mar 12 18:35:22 2015

Modes: __STDC__ 64-bit mwDWORD==(unsigned int)
mwROUNDALLOC==8 sizeof(mwData)==56 mwDataSize==56

NULL free: <15> functions.c(392), NULL pointer free'd

Stopped at Thu Mar 12 18:35:23 2015


Memory usage statistics (global):
 N)umber of allocations made: 7
 L)argest memory usage      : 368
 T)otal of all alloc() calls: 400
 U)nfreed bytes totals      : 0

============= MEMWATCH 2.71 Copyright (C) 1992-1999 Johan Lindh =============

Started at Thu Mar 12 18:35:36 2015

Modes: __STDC__ 64-bit mwDWORD==(unsigned int)
mwROUNDALLOC==8 sizeof(mwData)==56 mwDataSize==56

NULL free: <15> functions.c(392), NULL pointer free'd

Stopped at Thu Mar 12 18:35:37 2015


Memory usage statistics (global):
 N)umber of allocations made: 7
 L)argest memory usage      : 368
 T)otal of all alloc() calls: 400
 U)nfreed bytes totals      : 0

============= MEMWATCH 2.71 Copyright (C) 1992-1999 Johan Lindh =============

Started at Thu Mar 12 18:35:50 2015

Modes: __STDC__ 64-bit mwDWORD==(unsigned int)
mwROUNDALLOC==8 sizeof(mwData)==56 mwDataSize==56


Stopped at Thu Mar 12 18:35:53 2015


Memory usage statistics (global):
 N)umber of allocations made: 18
 L)argest memory usage      : 960
 T)otal of all alloc() calls: 1248
 U)nfreed bytes totals      : 0

============= MEMWATCH 2.71 Copyright (C) 1992-1999 Johan Lindh =============

Started at Thu Mar 12 18:35:56 2015

Modes: __STDC__ 64-bit mwDWORD==(unsigned int)
mwROUNDALLOC==8 sizeof(mwData)==56 mwDataSize==56


Stopped at Thu Mar 12 18:35:58 2015


Memory usage statistics (global):
 N)umber of allocations made: 18
 L)argest memory usage      : 960
 T)otal of all alloc() calls: 1248
 U)nfreed bytes totals      : 0

============= MEMWATCH 2.71 Copyright (C) 1992-1999 Johan Lindh =============

Started at Thu Mar 12 18:36:03 2015

Modes: __STDC__ 64-bit mwDWORD==(unsigned int)
mwROUNDALLOC==8 sizeof(mwData)==56 mwDataSize==56

NULL free: <15> functions.c(392), NULL pointer free'd

Stopped at Thu Mar 12 18:36:03 2015


Memory usage statistics (global):
 N)umber of allocations made: 7
 L)argest memory usage      : 368
 T)otal of all alloc() calls: 400
 U)nfreed bytes totals      : 0

============= MEMWATCH 2.71 Copyright (C) 1992-1999 Johan Lindh =============

Started at Thu Mar 12 18:36:14 2015

Modes: __STDC__ 64-bit mwDWORD==(unsigned int)
mwROUNDALLOC==8 sizeof(mwData)==56 mwDataSize==56

NULL free: <15> functions.c(392), NULL pointer free'd

Stopped at Thu Mar 12 18:36:15 2015


Memory usage statistics (global):
 N)umber of allocations made: 7
 L)argest memory usage      : 368
 T)otal of all alloc() calls: 400
 U)nfreed bytes totals      : 0

============= MEMWATCH 2.71 Copyright (C) 1992-1999 Johan Lindh =============

Started at Thu Mar 12 18:37:55 2015

Modes: __STDC__ 64-bit mwDWORD==(unsigned int)
mwROUNDALLOC==8 sizeof(mwData)==56 mwDataSize==56

NULL free: <15> functions.c(392), NULL pointer free'd

Stopped at Thu Mar 12 18:37:55 2015


Memory usage statistics (global):
 N)umber of allocations made: 7
 L)argest memory usage      : 368
 T)otal of all alloc() calls: 400
 U)nfreed bytes totals      : 0

============= MEMWATCH 2.71 Copyright (C) 1992-1999 Johan Lindh =============

Started at Thu Mar 12 18:38:02 2015

Modes: __STDC__ 64-bit mwDWORD==(unsigned int)
mwROUNDALLOC==8 sizeof(mwData)==56 mwDataSize==56

NULL free: <15> functions.c(392), NULL pointer free'd

Stopped at Thu Mar 12 18:38:03 2015


Memory usage statistics (global):
 N)umber of allocations made: 7
 L)argest memory usage      : 368
 T)otal of all alloc() calls: 400
 U)nfreed bytes totals      : 0

============= MEMWATCH 2.71 Copyright (C) 1992-1999 Johan Lindh =============

Started at Thu Mar 12 18:38:13 2015

Modes: __STDC__ 64-bit mwDWORD==(unsigned int)
mwROUNDALLOC==8 sizeof(mwData)==56 mwDataSize==56

NULL free: <15> functions.c(392), NULL pointer free'd

Stopped at Thu Mar 12 18:38:13 2015


Memory usage statistics (global):
 N)umber of allocations made: 7
 L)argest memory usage      : 368
 T)otal of all alloc() calls: 400
 U)nfreed bytes totals      : 0

============= MEMWATCH 2.71 Copyright (C) 1992-1999 Johan Lindh =============

Started at Thu Mar 12 18:38:19 2015

Modes: __STDC__ 64-bit mwDWORD==(unsigned int)
mwROUNDALLOC==8 sizeof(mwData)==56 mwDataSize==56

NULL free: <15> functions.c(392), NULL pointer free'd

Stopped at Thu Mar 12 18:38:19 2015


Memory usage statistics (global):
 N)umber of allocations made: 7
 L)argest memory usage      : 368
 T)otal of all alloc() calls: 400
 U)nfreed bytes totals      : 0

============= MEMWATCH 2.71 Copyright (C) 1992-1999 Johan Lindh =============

Started at Thu Mar 12 18:38:41 2015

Modes: __STDC__ 64-bit mwDWORD==(unsigned int)
mwROUNDALLOC==8 sizeof(mwData)==56 mwDataSize==56

NULL free: <15> functions.c(391), NULL pointer free'd

Stopped at Thu Mar 12 18:38:41 2015


Memory usage statistics (global):
 N)umber of allocations made: 7
 L)argest memory usage      : 368
 T)otal of all alloc() calls: 400
 U)nfreed bytes totals      : 0

============= MEMWATCH 2.71 Copyright (C) 1992-1999 Johan Lindh =============

Started at Thu Mar 12 18:39:02 2015

Modes: __STDC__ 64-bit mwDWORD==(unsigned int)
mwROUNDALLOC==8 sizeof(mwData)==56 mwDataSize==56

NULL free: <15> functions.c(391), NULL pointer free'd

Stopped at Thu Mar 12 18:39:03 2015


Memory usage statistics (global):
 N)umber of allocations made: 7
 L)argest memory usage      : 368
 T)otal of all alloc() calls: 400
 U)nfreed bytes totals      : 0

============= MEMWATCH 2.71 Copyright (C) 1992-1999 Johan Lindh =============

Started at Thu Mar 12 18:39:03 2015

Modes: __STDC__ 64-bit mwDWORD==(unsigned int)
mwROUNDALLOC==8 sizeof(mwData)==56 mwDataSize==56


Stopped at Thu Mar 12 18:39:05 2015


Memory usage statistics (global):
 N)umber of allocations made: 18
 L)argest memory usage      : 960
 T)otal of all alloc() calls: 1248
 U)nfreed bytes totals      : 0

============= MEMWATCH 2.71 Copyright (C) 1992-1999 Johan Lindh =============

Started at Thu Mar 12 18:39:17 2015

Modes: __STDC__ 64-bit mwDWORD==(unsigned int)
mwROUNDALLOC==8 sizeof(mwData)==56 mwDataSize==56

NULL free: <15> functions.c(391), NULL pointer free'd

Stopped at Thu Mar 12 18:39:18 2015


Memory usage statistics (global):
 N)umber of allocations made: 7
 L)argest memory usage      : 368
 T)otal of all alloc() calls: 400
 U)nfreed bytes totals      : 0

============= MEMWATCH 2.71 Copyright (C) 1992-1999 Johan Lindh =============

Started at Thu Mar 12 18:39:18 2015

Modes: __STDC__ 64-bit mwDWORD==(unsigned int)
mwROUNDALLOC==8 sizeof(mwData)==56 mwDataSize==56


Stopped at Thu Mar 12 18:39:20 2015


Memory usage statistics (global):
 N)umber of allocations made: 18
 L)argest memory usage      : 960
 T)otal of all alloc() calls: 1248
 U)nfreed bytes totals      : 0

============= MEMWATCH 2.71 Copyright (C) 1992-1999 Johan Lindh =============

Started at Thu Mar 12 18:39:20 2015

Modes: __STDC__ 64-bit mwDWORD==(unsigned int)
mwROUNDALLOC==8 sizeof(mwData)==56 mwDataSize==56


Stopped at Thu Mar 12 18:39:26 2015


Memory usage statistics (global):
 N)umber of allocations made: 119
 L)argest memory usage      : 10800
 T)otal of all alloc() calls: 48144
 U)nfreed bytes totals      : 0

============= MEMWATCH 2.71 Copyright (C) 1992-1999 Johan Lindh =============

Started at Thu Mar 12 18:39:41 2015

Modes: __STDC__ 64-bit mwDWORD==(unsigned int)
mwROUNDALLOC==8 sizeof(mwData)==56 mwDataSize==56

NULL free: <15> functions.c(391), NULL pointer free'd

Stopped at Thu Mar 12 18:39:42 2015


Memory usage statistics (global):
 N)umber of allocations made: 7
 L)argest memory usage      : 368
 T)otal of all alloc() calls: 400
 U)nfreed bytes totals      : 0

============= MEMWATCH 2.71 Copyright (C) 1992-1999 Johan Lindh =============

Started at Thu Mar 12 18:39:42 2015

Modes: __STDC__ 64-bit mwDWORD==(unsigned int)
mwROUNDALLOC==8 sizeof(mwData)==56 mwDataSize==56


Stopped at Thu Mar 12 18:39:44 2015


Memory usage statistics (global):
 N)umber of allocations made: 18
 L)argest memory usage      : 960
 T)otal of all alloc() calls: 1248
 U)nfreed bytes totals      : 0

============= MEMWATCH 2.71 Copyright (C) 1992-1999 Johan Lindh =============

Started at Thu Mar 12 18:39:44 2015

Modes: __STDC__ 64-bit mwDWORD==(unsigned int)
mwROUNDALLOC==8 sizeof(mwData)==56 mwDataSize==56


Stopped at Thu Mar 12 18:39:50 2015


Memory usage statistics (global):
 N)umber of allocations made: 119
 L)argest memory usage      : 10800
 T)otal of all alloc() calls: 48144
 U)nfreed bytes totals      : 0
